V "4.13.0.1"
R
C 3
= 0x55f0903575e0
R
P 0x55f0903575e0
S "model"
S "true"
C 5
R
P 0x55f0903575e0
C 6
= 0x55f090357670
R
P 0x55f0903575e0
C 4
R
P 0x55f090357670
C 477
= 0x55f09034eca0
R
P 0x55f090357670
P 0x55f09034eca0
C 486
R
P 0x55f090357670
C 36
= 0x55f0903619e0
R
P 0x55f090357670
S "x"
C 32
R
P 0x55f090357670
$ |x|
P 0x55f0903619e0
C 56
= 0x55f090362280
R
P 0x55f090357670
C 36
= 0x55f0903619e0
R
P 0x55f090357670
I 2
P 0x55f0903619e0
C 161
= 0x55f0903622a0
R
P 0x55f090357670
P 0x55f0903622a0
P 0x55f090362280
C 84
= 0x55f0903881a0
R
P 0x55f090357670
P 0x55f09034eca0
P 0x55f0903881a0
C 493
R
P 0x55f090357670
P 0x55f09034eca0
C 517
R
P 0x55f090357670
P 0x55f09034eca0
C 522
= 0x55f0903fe480
R
P 0x55f090357670
P 0x55f0903fe480
C 348
R
P 0x55f090357670
P 0x55f0903fe480
C 354
R
P 0x55f090357670
P 0x55f0903fe480
U 0
C 355
= 0x55f090363ab0
R
P 0x55f090357670
P 0x55f090363ab0
C 275
R
P 0x55f090357670
$ |x|
C 244
R
P 0x55f090357670
$ |x|
C 246
R
P 0x55f090357670
P 0x55f090363ab0
U 0
p 0
C 55
= 0x55f090362280
R
P 0x55f090357670
P 0x55f0903fe480
P 0x55f090362280
I 1
P 0
C 350
* 0x55f0903624e0 4
R
P 0x55f090357670
P 0x55f0903624e0
C 300
R
P 0x55f090357670
P 0x55f0903624e0
C 306
R
P 0x55f090357670
P 0x55f0903624e0
C 297
= 0x55f0903619e0
R
P 0x55f090357670
P 0x55f0903619e0
C 251
R
P 0x55f090357670
P 0x55f0903fe480
C 356
R
P 0x55f090357670
P 0x55f0903fe480
C 349
R
P 0x55f090357670
P 0x55f09034eca0
C 487
R
P 0x55f090357670
C 8
